<?xml version="1.0" encoding="UTF-8"?>
<!-- Generated by org.testng.reporters.JUnitReportReporter -->
<testsuite hostname="DESKTOP-93BOKER" failures="0" tests="1" name="Maven.TestMaven" time="0.270" errors="0" timestamp="2021-02-12T00:17:06 IST" skipped="0">
  <testcase classname="Maven.TestMaven" name="Test" time="0.270"/>
  <system-out/>
</testsuite> <!-- Maven.TestMaven -->
