<?xml version="1.0" encoding="UTF-8"?>
<!-- Generated by org.testng.reporters.JUnitReportReporter -->
<testsuite hostname="DESKTOP-93BOKER" failures="0" tests="1" name="maven.SignIn_Amazon" time="9.403" errors="0" timestamp="2021-02-18T02:08:11 IST" skipped="0">
  <testcase classname="maven.SignIn_Amazon" name="OpenAmazon" time="9.403"/>
  <system-out/>
</testsuite> <!-- maven.SignIn_Amazon -->
