<?xml version="1.0" encoding="UTF-8"?>
<!-- Generated by org.testng.reporters.JUnitReportReporter -->
<testsuite hostname="DESKTOP-IPFP52T" failures="0" tests="1" name="maven.Functions_AddToCart" time="429.792" errors="0" timestamp="2021-03-06T21:37:43 IST" skipped="0">
  <testcase classname="maven.Functions_AddToCart" name="VerifyProductNavigation" time="429.792"/>
  <system-out/>
</testsuite> <!-- maven.Functions_AddToCart -->
