<?xml version="1.0" encoding="UTF-8"?>
<!-- Generated by org.testng.reporters.JUnitReportReporter -->
<testsuite hostname="DESKTOP-IPFP52T" failures="0" tests="1" name="maven.Sam" time="0.046" errors="0" timestamp="2021-03-04T11:54:53 IST" skipped="0">
  <testcase classname="maven.Sam" name="VerifyPageTitle" time="0.046"/>
  <system-out/>
</testsuite> <!-- maven.Sam -->
