<?xml version="1.0" encoding="UTF-8"?>
<!-- Generated by org.testng.reporters.JUnitReportReporter -->
<testsuite hostname="DESKTOP-93BOKER" failures="0" tests="1" name="Maven.AmazonSignUp" time="0.000" errors="0" timestamp="2021-02-11T14:33:10 IST" skipped="1">
  <testcase classname="Maven.AmazonSignUp" name="CreateAccount" time="0.000">
    <skipped/>
  </testcase> <!-- CreateAccount -->
  <system-out/>
</testsuite> <!-- Maven.AmazonSignUp -->
