<?xml version="1.0" encoding="UTF-8"?>
<!-- Generated by org.testng.reporters.JUnitReportReporter -->
<testsuite hostname="DESKTOP-IPFP52T" failures="0" tests="1" name="maven.Functions_AddToCart" time="467.899" errors="0" timestamp="2021-03-07T00:14:42 IST" skipped="0">
  <testcase classname="maven.Functions_AddToCart" name="VerifyProductNavigation" time="467.899"/>
  <system-out/>
</testsuite> <!-- maven.Functions_AddToCart -->
