<?xml version="1.0" encoding="UTF-8"?>
<!-- Generated by org.testng.reporters.JUnitReportReporter -->
<testsuite hostname="DESKTOP-93BOKER" failures="0" tests="1" name="TestMaven" time="0.154" errors="0" timestamp="2021-02-10T19:27:06 IST" skipped="0">
  <testcase classname="TestMaven" name="Test" time="0.154"/>
  <system-out/>
</testsuite> <!-- TestMaven -->
