<?xml version="1.0" encoding="UTF-8"?>
<!-- Generated by org.testng.reporters.JUnitReportReporter -->
<testsuite hostname="DESKTOP-IPFP52T" failures="0" tests="2" name="maven.Functions_HomePage" time="20.360" errors="0" timestamp="2021-03-05T00:36:01 IST" skipped="0">
  <testcase classname="maven.Functions_HomePage" name="VerifyScrollView" time="0.062"/>
  <system-out/>
  <testcase classname="maven.Functions_HomePage" name="VerifySearchElementMatch" time="20.298"/>
  <system-out/>
</testsuite> <!-- maven.Functions_HomePage -->
